Scraping articles
:   0%|          | 0/2239 [00:00<?, ?it/s]

HTTP error 403, requests are being blocked, waiting for 180 seconds before retrying...
Scraping articles
:   0%|          | 1/2239 [03:04<114:44:24, 184.57s/it]

Scraping articles
:   0%|          | 2/2239 [03:10<49:16:11, 79.29s/it]  

Scraping articles
:   0%|          | 3/2239 [03:13<27:39:36, 44.53s/it]

Scraping articles
:   0%|          | 4/2239 [03:17<17:51:25, 28.76s/it]

Scraping articles
:   0%|          | 5/2239 [03:21<12:08:33, 19.57s/it]

Scraping articles
:   0%|          | 6/2239 [03:25<8:56:58, 14.43s/it] 

Scraping articles
:   0%|          | 7/2239 [03:31<7:12:03, 11.61s/it]

Scraping articles
:   0%|          | 8/2239 [03:35<5:46:13,  9.31s/it]

Scraping articles
:   0%|          | 9/2239 [03:39<4:40:28,  7.55s/it]

Scraping articles
:   0%|          | 10/2239 [03:45<4:21:36,  7.04s/it]

Scraping articles
:   0%|          | 11/2239 [03:49<3:48:35,  6.16s/it]

Scraping articles
:   1%|          | 12/2239 [03:54<3:31:04,  5.69s/it]

Scraping articles
:   1%|          | 13/2239 [03:59<3:25:42,  5.54s/it]

Scraping articles
:   1%|          | 14/2239 [04:02<2:59:22,  4.84s/it]

Scraping articles
:   1%|          | 15/2239 [04:06<2:50:58,  4.61s/it]

Scraping articles
:   1%|          | 16/2239 [04:12<2:59:05,  4.83s/it]

Scraping articles
:   1%|          | 17/2239 [04:15<2:44:55,  4.45s/it]

Scraping articles
:   1%|          | 18/2239 [04:19<2:34:24,  4.17s/it]

Scraping articles
:   1%|          | 19/2239 [04:22<2:24:45,  3.91s/it]

Scraping articles
:   1%|          | 20/2239 [04:25<2:17:03,  3.71s/it]

Scraping articles
:   1%|          | 21/2239 [04:30<2:26:05,  3.95s/it]

Scraping articles
:   1%|          | 22/2239 [04:33<2:13:30,  3.61s/it]

Scraping articles
:   1%|1         | 23/2239 [04:37<2:21:13,  3.82s/it]

Scraping articles
:   1%|1         | 24/2239 [04:40<2:15:07,  3.66s/it]

Scraping articles
:   1%|1         | 25/2239 [04:44<2:18:32,  3.75s/it]

Scraping articles
:   1%|1         | 26/2239 [04:49<2:28:27,  4.02s/it]

Scraping articles
:   1%|1         | 27/2239 [04:54<2:41:29,  4.38s/it]

Scraping articles
:   1%|1         | 28/2239 [04:59<2:46:04,  4.51s/it]

Scraping articles
:   1%|1         | 29/2239 [05:03<2:41:50,  4.39s/it]

Scraping articles
:   1%|1         | 30/2239 [05:08<2:48:16,  4.57s/it]

Scraping articles
:   1%|1         | 31/2239 [05:11<2:32:32,  4.15s/it]

Scraping articles
:   1%|1         | 32/2239 [05:16<2:40:00,  4.35s/it]

Scraping articles
:   1%|1         | 33/2239 [05:19<2:25:20,  3.95s/it]

Scraping articles
:   2%|1         | 34/2239 [05:22<2:16:40,  3.72s/it]

Scraping articles
:   2%|1         | 35/2239 [05:27<2:27:18,  4.01s/it]

Scraping articles
:   2%|1         | 36/2239 [05:30<2:18:51,  3.78s/it]

Scraping articles
:   2%|1         | 37/2239 [05:34<2:23:15,  3.90s/it]

Scraping articles
:   2%|1         | 38/2239 [05:37<2:16:51,  3.73s/it]

Scraping articles
:   2%|1         | 39/2239 [05:40<2:08:37,  3.51s/it]

Scraping articles
:   2%|1         | 40/2239 [05:44<2:08:05,  3.49s/it]

Scraping articles
:   2%|1         | 41/2239 [05:48<2:12:06,  3.61s/it]

Scraping articles
:   2%|1         | 42/2239 [05:51<2:09:25,  3.53s/it]

Scraping articles
:   2%|1         | 43/2239 [05:55<2:15:05,  3.69s/it]

Scraping articles
:   2%|1         | 44/2239 [05:59<2:17:09,  3.75s/it]

HTTP error 403, requests are being blocked, waiting for 180 seconds before retrying...
Scraping articles
:   2%|1         | 44/2239 [06:13<5:10:57,  8.50s/it]
✅ Scraped 44 new articles. Total: 733.
⚠️ Error while closing browser: Browser.close: Connection closed while reading from the driver
Traceback (most recent call last):
  File "/opt/anaconda3/envs/webscraper/lib/python3.13/asyncio/runners.py", line 118, in run
    return self._loop.run_until_complete(task)
           ~~~~~~~~~~~~~~~~~~~~~~~~~~~~~^^^^^^
  File "/opt/anaconda3/envs/webscraper/lib/python3.13/asyncio/base_events.py", line 719, in run_until_complete
    return future.result()
           ~~~~~~~~~~~~~^^
  File "/Users/johannes/ML Projects/WebScraper/scraper.py", line 154, in main
    try:
    
  File "/Users/johannes/ML Projects/WebScraper/scraper.py", line 70, in scrape_article
    print(f"HTTP error 403, requests are being blocked, waiting for {sleep_time} seconds before retrying...")
    ^^^^^^^^^^^^^^^^^^^^^^^^^^^
  File "/opt/anaconda3/envs/webscraper/lib/python3.13/asyncio/tasks.py", line 718, in sleep
    return await future
           ^^^^^^^^^^^^
asyncio.exceptions.CancelledError

During handling of the above exception, another exception occurred:

Traceback (most recent call last):
  File "/Users/johannes/ML Projects/WebScraper/scraper.py", line 199, in <module>
    except Exception as e:
    ^^^^^^^
  File "/opt/anaconda3/envs/webscraper/lib/python3.13/asyncio/runners.py", line 195, in run
    return runner.run(main)
           ~~~~~~~~~~^^^^^^
  File "/opt/anaconda3/envs/webscraper/lib/python3.13/asyncio/runners.py", line 123, in run
    raise KeyboardInterrupt()
KeyboardInterrupt
